<?xml version="1.0" encoding="UTF-8"?>
<testng-results ignored="0" total="1" passed="1" failed="0" skipped="0">
  <reporter-output>
  </reporter-output>
  <suite started-at="2021-03-07T14:56:02 IST" name="Default suite" finished-at="2021-03-07T14:56:11 IST" duration-ms="9241">
    <groups>
    </groups>
    <test started-at="2021-03-07T14:56:02 IST" name="Default test" finished-at="2021-03-07T14:56:11 IST" duration-ms="9241">
      <class name="FreeCRMTest">
        <test-method is-config="true" signature="setUp()[pri:0, instance:FreeCRMTest@76f2bbc1]" started-at="2021-03-07T14:56:02 IST" name="setUp" finished-at="2021-03-07T14:56:10 IST" duration-ms="7752" status="PASS">
          <reporter-output>
          </reporter-output>
        </test-method> <!-- setUp -->
        <test-method signature="verifyFreeCRMTitleTest()[pri:1, instance:FreeCRMTest@76f2bbc1]" started-at="2021-03-07T14:56:10 IST" name="verifyFreeCRMTitleTest" finished-at="2021-03-07T14:56:10 IST" duration-ms="68" status="PASS">
          <reporter-output>
          </reporter-output>
        </test-method> <!-- verifyFreeCRMTitleTest -->
        <test-method is-config="true" signature="tearDown()[pri:0, instance:FreeCRMTest@76f2bbc1]" started-at="2021-03-07T14:56:10 IST" name="tearDown" finished-at="2021-03-07T14:56:11 IST" duration-ms="1352" status="PASS">
          <reporter-output>
          </reporter-output>
        </test-method> <!-- tearDown -->
      </class> <!-- FreeCRMTest -->
    </test> <!-- Default test -->
  </suite> <!-- Default suite -->
</testng-results>
